<?xml version="1.0" encoding="UTF-8"?>
<!-- Generated by org.testng.reporters.JUnitXMLReporter -->
<testsuite ignored="0" hostname="DESKTOP-36C6IBR" failures="0" tests="5" name="Test" time="24.713" errors="0" timestamp="2024-02-10T13:07:51 IST">
  <testcase classname="tests.FourTest" name="testFour" time="0.008"/>
  <testcase classname="tests.TwoTest" name="testTwo" time="0.002"/>
  <testcase classname="tests.ThreeTest" name="testThree" time="0.002"/>
  <testcase classname="tests.LoginTest" name="login" time="4.344"/>
  <testcase classname="tests.LoginTest" name="login" time="13.964"/>
</testsuite> <!-- Test -->
