<?xml version="1.0" encoding="UTF-8"?>
<!-- Generated by org.testng.reporters.JUnitXMLReporter -->
<testsuite ignored="0" hostname="DESKTOP-36C6IBR" failures="0" tests="5" name="Test" time="27.907" errors="0" timestamp="2024-02-10T10:46:51 IST">
  <testcase classname="tests.FourTest" name="testFour" time="0.006"/>
  <testcase classname="tests.TwoTest" name="testTwo" time="0.0"/>
  <testcase classname="tests.ThreeTest" name="testThree" time="0.003"/>
  <testcase classname="tests.LoginTest" name="login" time="4.553"/>
  <testcase classname="tests.LoginTest" name="login" time="14.227"/>
</testsuite> <!-- Test -->
